[debug] [2018-02-14T22:45:15.858Z] ----------------------------------------------------------------------
[debug] [2018-02-14T22:45:15.860Z] Command:       /Users/chris/.nvm/versions/node/v9.5.0/bin/node /Users/chris/.nvm/versions/node/v9.5.0/bin/firebase deploy
[debug] [2018-02-14T22:45:15.860Z] CLI Version:   3.17.4
[debug] [2018-02-14T22:45:15.860Z] Platform:      darwin
[debug] [2018-02-14T22:45:15.860Z] Node Version:  v9.5.0
[debug] [2018-02-14T22:45:15.861Z] Time:          Wed Feb 14 2018 22:45:15 GMT+0000 (GMT)
[debug] [2018-02-14T22:45:15.861Z] ----------------------------------------------------------------------
[debug] 
[debug] [2018-02-14T22:45:15.876Z] > command requires scopes: ["email","openid","https://www.googleapis.com/auth/cloudplatformprojects.readonly","https://www.googleapis.com/auth/firebase","https://www.googleapis.com/auth/cloud-platform"]
[debug] [2018-02-14T22:45:15.876Z] > authorizing via signed-in user
[debug] [2018-02-14T22:45:15.878Z] >>> HTTP REQUEST GET https://admin.firebase.com/v1/projects/compost-35844  
  
 Wed Feb 14 2018 22:45:15 GMT+0000 (GMT)
[debug] [2018-02-14T22:45:16.528Z] <<< HTTP RESPONSE 200
[debug] [2018-02-14T22:45:16.529Z] >>> HTTP REQUEST GET https://admin.firebase.com/v1/database/compost-35844/tokens  
  
 Wed Feb 14 2018 22:45:16 GMT+0000 (GMT)
[debug] [2018-02-14T22:45:17.109Z] <<< HTTP RESPONSE 200
[info] 
[info] === Deploying to 'compost-35844'...
[info] 
[info] i  deploying functions, hosting
[debug] [2018-02-14T22:45:17.731Z] > [functions] package.json contents: {
  "name": "functions",
  "description": "Cloud Functions for Firebase",
  "scripts": {
    "serve": "firebase serve --only functions",
    "shell": "firebase experimental:functions:shell",
    "start": "npm run shell",
    "deploy": "firebase deploy --only functions",
    "logs": "firebase functions:log"
  },
  "dependencies": {
    "firebase-admin": "~5.8.1",
    "firebase-functions": "^0.8.1",
    "node-fetch": "^2.0.0"
  },
  "private": true
}
[info] i  functions: ensuring necessary APIs are enabled...
[debug] [2018-02-14T22:45:17.732Z] >>> HTTP REQUEST GET https://servicemanagement.googleapis.com/v1/services/cloudfunctions.googleapis.com/projectSettings/compost-35844?view=CONSUMER_VIEW  
  
 Wed Feb 14 2018 22:45:17 GMT+0000 (GMT)
[debug] [2018-02-14T22:45:17.733Z] >>> HTTP REQUEST GET https://servicemanagement.googleapis.com/v1/services/runtimeconfig.googleapis.com/projectSettings/compost-35844?view=CONSUMER_VIEW  
  
 Wed Feb 14 2018 22:45:17 GMT+0000 (GMT)
[debug] [2018-02-14T22:45:18.736Z] <<< HTTP RESPONSE 200
[debug] [2018-02-14T22:45:18.757Z] <<< HTTP RESPONSE 200
[info] ✔  functions: all necessary APIs are enabled
[debug] [2018-02-14T22:45:18.759Z] >>> HTTP REQUEST GET https://appengine.googleapis.com/v1/apps/compost-35844  
  
 Wed Feb 14 2018 22:45:18 GMT+0000 (GMT)
[debug] [2018-02-14T22:45:18.759Z] >>> HTTP REQUEST GET https://apikeys.googleapis.com/v1/projects/compost-35844/apiKeys  
  
 Wed Feb 14 2018 22:45:18 GMT+0000 (GMT)
[debug] [2018-02-14T22:45:19.568Z] <<< HTTP RESPONSE 200
[debug] [2018-02-14T22:45:19.729Z] <<< HTTP RESPONSE 200
[info] i  functions: preparing functions directory for uploading...
[debug] [2018-02-14T22:45:19.733Z] >>> HTTP REQUEST GET https://runtimeconfig.googleapis.com/v1beta1/projects/compost-35844/configs  
  
 Wed Feb 14 2018 22:45:19 GMT+0000 (GMT)
[debug] [2018-02-14T22:45:20.181Z] <<< HTTP RESPONSE 200
[info] i  functions: packaged functions (29.81 KB) for uploading
[debug] [2018-02-14T22:45:20.467Z] >>> HTTP REQUEST GET https://www.googleapis.com/storage/v1/b/staging.compost-35844.appspot.com  
  
 Wed Feb 14 2018 22:45:20 GMT+0000 (GMT)
[debug] [2018-02-14T22:45:20.724Z] <<< HTTP RESPONSE 200
[debug] [2018-02-14T22:45:20.725Z] >>> HTTP REQUEST POST https://www.googleapis.com/upload/storage/v1/b/staging.compost-35844.appspot.com/o?uploadType=media&name=firebase-functions-source  
 ReadStream {
  _readableState: 
   ReadableState {
     objectMode: false,
     highWaterMark: 65536,
     buffer: BufferList { head: [Object], tail: [Object], length: 1 },
     length: 30523,
     pipes: null,
     pipesCount: 0,
     flowing: null,
     ended: true,
     endEmitted: false,
     reading: false,
     sync: false,
     needReadable: false,
     emittedReadable: true,
     readableListening: false,
     resumeScheduled: false,
     destroyed: false,
     defaultEncoding: 'utf8',
     awaitDrain: 0,
     readingMore: false,
     decoder: null,
     encoding: null },
  readable: true,
  domain: null,
  _events: { end: [Function] },
  _eventsCount: 1,
  _maxListeners: undefined,
  path: '/var/folders/54/ztxyv8gj5c11rp0qxmj810kr0000gn/T/firebase-functions-89436w9ZQKYPhSigc.zip',
  fd: 19,
  flags: 'r',
  mode: 438,
  start: 0,
  end: Infinity,
  autoClose: true,
  pos: 131072,
  bytesRead: 30523,
  closed: false } 
 Wed Feb 14 2018 22:45:20 GMT+0000 (GMT)
[debug] [2018-02-14T22:45:21.411Z] <<< HTTP RESPONSE 200
[info] ✔  functions: functions folder uploaded successfully
[info] i  hosting: preparing public directory for upload...
[debug] [2018-02-14T22:45:21.671Z] >>> HTTP REQUEST PUT https://deploy.firebase.com/v1/hosting/compost-35844/uploads/-L5LU_uuE_TCvBKurVx1?fileCount=143&message=  
  
 Wed Feb 14 2018 22:45:21 GMT+0000 (GMT)
[debug] [2018-02-14T22:45:24.913Z] <<< HTTP RESPONSE 200
[debug] [2018-02-14T22:45:24.913Z] [hosting] .tgz uploaded successfully, waiting for extraction
[info] ✔  hosting: 143 files uploaded successfully
[debug] [2018-02-14T22:45:25.643Z] >>> HTTP REQUEST GET https://cloudfunctions.googleapis.com/v1/projects/compost-35844/locations/us-central1/functions  
  
 Wed Feb 14 2018 22:45:25 GMT+0000 (GMT)
[debug] [2018-02-14T22:45:25.971Z] <<< HTTP RESPONSE 200
[info] i  functions: creating function preload...
[debug] [2018-02-14T22:45:25.974Z] Trigger is:  {"httpsTrigger":{}}
[debug] [2018-02-14T22:45:25.976Z] >>> HTTP REQUEST POST https://cloudfunctions.googleapis.com/v1/projects/compost-35844/locations/us-central1/functions  
 { sourceArchiveUrl: 'gs://staging.compost-35844.appspot.com/firebase-functions-source',
  name: 'projects/compost-35844/locations/us-central1/functions/preload',
  entryPoint: 'preload',
  labels: { 'deployment-tool': 'cli-firebase' },
  httpsTrigger: {} } 
 Wed Feb 14 2018 22:45:25 GMT+0000 (GMT)
[debug] [2018-02-14T22:45:26.432Z] <<< HTTP RESPONSE 200
[debug] [2018-02-14T22:45:26.434Z] >>> HTTP REQUEST GET https://cloudfunctions.googleapis.com/v1/projects/compost-35844/locations/us-central1/functions  
  
 Wed Feb 14 2018 22:45:26 GMT+0000 (GMT)
[debug] [2018-02-14T22:45:26.842Z] <<< HTTP RESPONSE 200
[debug] [2018-02-14T22:45:26.844Z] >>> HTTP REQUEST GET https://cloudfunctions.googleapis.com/v1/operations/Y29tcG9zdC0zNTg0NC91cy1jZW50cmFsMS9wcmVsb2FkL1Z5SjRyWm03aFJv  
  
 Wed Feb 14 2018 22:45:26 GMT+0000 (GMT)
[debug] [2018-02-14T22:45:27.129Z] <<< HTTP RESPONSE 200
[debug] [2018-02-14T22:45:29.129Z] >>> HTTP REQUEST GET https://cloudfunctions.googleapis.com/v1/operations/Y29tcG9zdC0zNTg0NC91cy1jZW50cmFsMS9wcmVsb2FkL1Z5SjRyWm03aFJv  
  
 Wed Feb 14 2018 22:45:29 GMT+0000 (GMT)
[debug] [2018-02-14T22:45:29.399Z] <<< HTTP RESPONSE 200
[debug] [2018-02-14T22:45:31.400Z] >>> HTTP REQUEST GET https://cloudfunctions.googleapis.com/v1/operations/Y29tcG9zdC0zNTg0NC91cy1jZW50cmFsMS9wcmVsb2FkL1Z5SjRyWm03aFJv  
  
 Wed Feb 14 2018 22:45:31 GMT+0000 (GMT)
[debug] [2018-02-14T22:45:31.725Z] <<< HTTP RESPONSE 200
[debug] [2018-02-14T22:45:33.729Z] >>> HTTP REQUEST GET https://cloudfunctions.googleapis.com/v1/operations/Y29tcG9zdC0zNTg0NC91cy1jZW50cmFsMS9wcmVsb2FkL1Z5SjRyWm03aFJv  
  
 Wed Feb 14 2018 22:45:33 GMT+0000 (GMT)
[debug] [2018-02-14T22:45:33.974Z] <<< HTTP RESPONSE 200
[debug] [2018-02-14T22:45:35.979Z] >>> HTTP REQUEST GET https://cloudfunctions.googleapis.com/v1/operations/Y29tcG9zdC0zNTg0NC91cy1jZW50cmFsMS9wcmVsb2FkL1Z5SjRyWm03aFJv  
  
 Wed Feb 14 2018 22:45:35 GMT+0000 (GMT)
[debug] [2018-02-14T22:45:36.221Z] <<< HTTP RESPONSE 200
[debug] [2018-02-14T22:45:38.223Z] >>> HTTP REQUEST GET https://cloudfunctions.googleapis.com/v1/operations/Y29tcG9zdC0zNTg0NC91cy1jZW50cmFsMS9wcmVsb2FkL1Z5SjRyWm03aFJv  
  
 Wed Feb 14 2018 22:45:38 GMT+0000 (GMT)
[debug] [2018-02-14T22:45:38.469Z] <<< HTTP RESPONSE 200
[debug] [2018-02-14T22:45:40.470Z] >>> HTTP REQUEST GET https://cloudfunctions.googleapis.com/v1/operations/Y29tcG9zdC0zNTg0NC91cy1jZW50cmFsMS9wcmVsb2FkL1Z5SjRyWm03aFJv  
  
 Wed Feb 14 2018 22:45:40 GMT+0000 (GMT)
[debug] [2018-02-14T22:45:40.730Z] <<< HTTP RESPONSE 200
[debug] [2018-02-14T22:45:42.732Z] >>> HTTP REQUEST GET https://cloudfunctions.googleapis.com/v1/operations/Y29tcG9zdC0zNTg0NC91cy1jZW50cmFsMS9wcmVsb2FkL1Z5SjRyWm03aFJv  
  
 Wed Feb 14 2018 22:45:42 GMT+0000 (GMT)
[debug] [2018-02-14T22:45:42.975Z] <<< HTTP RESPONSE 200
[debug] [2018-02-14T22:45:44.979Z] >>> HTTP REQUEST GET https://cloudfunctions.googleapis.com/v1/operations/Y29tcG9zdC0zNTg0NC91cy1jZW50cmFsMS9wcmVsb2FkL1Z5SjRyWm03aFJv  
  
 Wed Feb 14 2018 22:45:44 GMT+0000 (GMT)
[debug] [2018-02-14T22:45:45.222Z] <<< HTTP RESPONSE 200
[debug] [2018-02-14T22:45:47.225Z] >>> HTTP REQUEST GET https://cloudfunctions.googleapis.com/v1/operations/Y29tcG9zdC0zNTg0NC91cy1jZW50cmFsMS9wcmVsb2FkL1Z5SjRyWm03aFJv  
  
 Wed Feb 14 2018 22:45:47 GMT+0000 (GMT)
[debug] [2018-02-14T22:45:47.456Z] <<< HTTP RESPONSE 200
[debug] [2018-02-14T22:45:49.456Z] >>> HTTP REQUEST GET https://cloudfunctions.googleapis.com/v1/operations/Y29tcG9zdC0zNTg0NC91cy1jZW50cmFsMS9wcmVsb2FkL1Z5SjRyWm03aFJv  
  
 Wed Feb 14 2018 22:45:49 GMT+0000 (GMT)
[debug] [2018-02-14T22:45:49.700Z] <<< HTTP RESPONSE 200
[debug] [2018-02-14T22:45:51.705Z] >>> HTTP REQUEST GET https://cloudfunctions.googleapis.com/v1/operations/Y29tcG9zdC0zNTg0NC91cy1jZW50cmFsMS9wcmVsb2FkL1Z5SjRyWm03aFJv  
  
 Wed Feb 14 2018 22:45:51 GMT+0000 (GMT)
[debug] [2018-02-14T22:45:51.953Z] <<< HTTP RESPONSE 200
[debug] [2018-02-14T22:45:53.957Z] >>> HTTP REQUEST GET https://cloudfunctions.googleapis.com/v1/operations/Y29tcG9zdC0zNTg0NC91cy1jZW50cmFsMS9wcmVsb2FkL1Z5SjRyWm03aFJv  
  
 Wed Feb 14 2018 22:45:53 GMT+0000 (GMT)
[debug] [2018-02-14T22:45:54.221Z] <<< HTTP RESPONSE 200
[debug] [2018-02-14T22:45:56.222Z] >>> HTTP REQUEST GET https://cloudfunctions.googleapis.com/v1/operations/Y29tcG9zdC0zNTg0NC91cy1jZW50cmFsMS9wcmVsb2FkL1Z5SjRyWm03aFJv  
  
 Wed Feb 14 2018 22:45:56 GMT+0000 (GMT)
[debug] [2018-02-14T22:45:56.454Z] <<< HTTP RESPONSE 200
[debug] [2018-02-14T22:45:58.457Z] >>> HTTP REQUEST GET https://cloudfunctions.googleapis.com/v1/operations/Y29tcG9zdC0zNTg0NC91cy1jZW50cmFsMS9wcmVsb2FkL1Z5SjRyWm03aFJv  
  
 Wed Feb 14 2018 22:45:58 GMT+0000 (GMT)
[debug] [2018-02-14T22:45:58.696Z] <<< HTTP RESPONSE 200
[debug] [2018-02-14T22:46:00.702Z] >>> HTTP REQUEST GET https://cloudfunctions.googleapis.com/v1/operations/Y29tcG9zdC0zNTg0NC91cy1jZW50cmFsMS9wcmVsb2FkL1Z5SjRyWm03aFJv  
  
 Wed Feb 14 2018 22:46:00 GMT+0000 (GMT)
[debug] [2018-02-14T22:46:00.968Z] <<< HTTP RESPONSE 200
[debug] [2018-02-14T22:46:02.973Z] >>> HTTP REQUEST GET https://cloudfunctions.googleapis.com/v1/operations/Y29tcG9zdC0zNTg0NC91cy1jZW50cmFsMS9wcmVsb2FkL1Z5SjRyWm03aFJv  
  
 Wed Feb 14 2018 22:46:02 GMT+0000 (GMT)
[debug] [2018-02-14T22:46:03.242Z] <<< HTTP RESPONSE 200
[debug] [2018-02-14T22:46:05.246Z] >>> HTTP REQUEST GET https://cloudfunctions.googleapis.com/v1/operations/Y29tcG9zdC0zNTg0NC91cy1jZW50cmFsMS9wcmVsb2FkL1Z5SjRyWm03aFJv  
  
 Wed Feb 14 2018 22:46:05 GMT+0000 (GMT)
[debug] [2018-02-14T22:46:05.479Z] <<< HTTP RESPONSE 200
[debug] [2018-02-14T22:46:07.483Z] >>> HTTP REQUEST GET https://cloudfunctions.googleapis.com/v1/operations/Y29tcG9zdC0zNTg0NC91cy1jZW50cmFsMS9wcmVsb2FkL1Z5SjRyWm03aFJv  
  
 Wed Feb 14 2018 22:46:07 GMT+0000 (GMT)
[debug] [2018-02-14T22:46:07.725Z] <<< HTTP RESPONSE 200
[debug] [2018-02-14T22:46:09.730Z] >>> HTTP REQUEST GET https://cloudfunctions.googleapis.com/v1/operations/Y29tcG9zdC0zNTg0NC91cy1jZW50cmFsMS9wcmVsb2FkL1Z5SjRyWm03aFJv  
  
 Wed Feb 14 2018 22:46:09 GMT+0000 (GMT)
[debug] [2018-02-14T22:46:09.974Z] <<< HTTP RESPONSE 200
[debug] [2018-02-14T22:46:11.980Z] >>> HTTP REQUEST GET https://cloudfunctions.googleapis.com/v1/operations/Y29tcG9zdC0zNTg0NC91cy1jZW50cmFsMS9wcmVsb2FkL1Z5SjRyWm03aFJv  
  
 Wed Feb 14 2018 22:46:11 GMT+0000 (GMT)
[debug] [2018-02-14T22:46:12.203Z] <<< HTTP RESPONSE 200
[debug] [2018-02-14T22:46:14.208Z] >>> HTTP REQUEST GET https://cloudfunctions.googleapis.com/v1/operations/Y29tcG9zdC0zNTg0NC91cy1jZW50cmFsMS9wcmVsb2FkL1Z5SjRyWm03aFJv  
  
 Wed Feb 14 2018 22:46:14 GMT+0000 (GMT)
[debug] [2018-02-14T22:46:14.444Z] <<< HTTP RESPONSE 200
[debug] [2018-02-14T22:46:16.447Z] >>> HTTP REQUEST GET https://cloudfunctions.googleapis.com/v1/operations/Y29tcG9zdC0zNTg0NC91cy1jZW50cmFsMS9wcmVsb2FkL1Z5SjRyWm03aFJv  
  
 Wed Feb 14 2018 22:46:16 GMT+0000 (GMT)
[debug] [2018-02-14T22:46:16.696Z] <<< HTTP RESPONSE 200
[debug] [2018-02-14T22:46:18.699Z] >>> HTTP REQUEST GET https://cloudfunctions.googleapis.com/v1/operations/Y29tcG9zdC0zNTg0NC91cy1jZW50cmFsMS9wcmVsb2FkL1Z5SjRyWm03aFJv  
  
 Wed Feb 14 2018 22:46:18 GMT+0000 (GMT)
[debug] [2018-02-14T22:46:18.943Z] <<< HTTP RESPONSE 200
[debug] [2018-02-14T22:46:20.946Z] >>> HTTP REQUEST GET https://cloudfunctions.googleapis.com/v1/operations/Y29tcG9zdC0zNTg0NC91cy1jZW50cmFsMS9wcmVsb2FkL1Z5SjRyWm03aFJv  
  
 Wed Feb 14 2018 22:46:20 GMT+0000 (GMT)
[debug] [2018-02-14T22:46:21.195Z] <<< HTTP RESPONSE 200
[debug] [2018-02-14T22:46:23.198Z] >>> HTTP REQUEST GET https://cloudfunctions.googleapis.com/v1/operations/Y29tcG9zdC0zNTg0NC91cy1jZW50cmFsMS9wcmVsb2FkL1Z5SjRyWm03aFJv  
  
 Wed Feb 14 2018 22:46:23 GMT+0000 (GMT)
[debug] [2018-02-14T22:46:23.409Z] <<< HTTP RESPONSE 200
[debug] [2018-02-14T22:46:25.414Z] >>> HTTP REQUEST GET https://cloudfunctions.googleapis.com/v1/operations/Y29tcG9zdC0zNTg0NC91cy1jZW50cmFsMS9wcmVsb2FkL1Z5SjRyWm03aFJv  
  
 Wed Feb 14 2018 22:46:25 GMT+0000 (GMT)
[debug] [2018-02-14T22:46:25.631Z] <<< HTTP RESPONSE 200
[debug] [2018-02-14T22:46:27.634Z] >>> HTTP REQUEST GET https://cloudfunctions.googleapis.com/v1/operations/Y29tcG9zdC0zNTg0NC91cy1jZW50cmFsMS9wcmVsb2FkL1Z5SjRyWm03aFJv  
  
 Wed Feb 14 2018 22:46:27 GMT+0000 (GMT)
[debug] [2018-02-14T22:46:27.881Z] <<< HTTP RESPONSE 200
[debug] [2018-02-14T22:46:29.885Z] >>> HTTP REQUEST GET https://cloudfunctions.googleapis.com/v1/operations/Y29tcG9zdC0zNTg0NC91cy1jZW50cmFsMS9wcmVsb2FkL1Z5SjRyWm03aFJv  
  
 Wed Feb 14 2018 22:46:29 GMT+0000 (GMT)
[debug] [2018-02-14T22:46:30.107Z] <<< HTTP RESPONSE 200
[debug] [2018-02-14T22:46:32.111Z] >>> HTTP REQUEST GET https://cloudfunctions.googleapis.com/v1/operations/Y29tcG9zdC0zNTg0NC91cy1jZW50cmFsMS9wcmVsb2FkL1Z5SjRyWm03aFJv  
  
 Wed Feb 14 2018 22:46:32 GMT+0000 (GMT)
[debug] [2018-02-14T22:46:32.323Z] <<< HTTP RESPONSE 200
[debug] [2018-02-14T22:46:34.326Z] >>> HTTP REQUEST GET https://cloudfunctions.googleapis.com/v1/operations/Y29tcG9zdC0zNTg0NC91cy1jZW50cmFsMS9wcmVsb2FkL1Z5SjRyWm03aFJv  
  
 Wed Feb 14 2018 22:46:34 GMT+0000 (GMT)
[debug] [2018-02-14T22:46:34.530Z] <<< HTTP RESPONSE 200
[debug] [2018-02-14T22:46:36.536Z] >>> HTTP REQUEST GET https://cloudfunctions.googleapis.com/v1/operations/Y29tcG9zdC0zNTg0NC91cy1jZW50cmFsMS9wcmVsb2FkL1Z5SjRyWm03aFJv  
  
 Wed Feb 14 2018 22:46:36 GMT+0000 (GMT)
[debug] [2018-02-14T22:46:36.776Z] <<< HTTP RESPONSE 200
[debug] [2018-02-14T22:46:38.781Z] >>> HTTP REQUEST GET https://cloudfunctions.googleapis.com/v1/operations/Y29tcG9zdC0zNTg0NC91cy1jZW50cmFsMS9wcmVsb2FkL1Z5SjRyWm03aFJv  
  
 Wed Feb 14 2018 22:46:38 GMT+0000 (GMT)
[debug] [2018-02-14T22:46:38.972Z] <<< HTTP RESPONSE 200
[debug] [2018-02-14T22:46:40.974Z] >>> HTTP REQUEST GET https://cloudfunctions.googleapis.com/v1/operations/Y29tcG9zdC0zNTg0NC91cy1jZW50cmFsMS9wcmVsb2FkL1Z5SjRyWm03aFJv  
  
 Wed Feb 14 2018 22:46:40 GMT+0000 (GMT)
[debug] [2018-02-14T22:46:41.207Z] <<< HTTP RESPONSE 200
[debug] [2018-02-14T22:46:43.208Z] >>> HTTP REQUEST GET https://cloudfunctions.googleapis.com/v1/operations/Y29tcG9zdC0zNTg0NC91cy1jZW50cmFsMS9wcmVsb2FkL1Z5SjRyWm03aFJv  
  
 Wed Feb 14 2018 22:46:43 GMT+0000 (GMT)
[debug] [2018-02-14T22:46:43.456Z] <<< HTTP RESPONSE 200
[debug] [2018-02-14T22:46:45.457Z] >>> HTTP REQUEST GET https://cloudfunctions.googleapis.com/v1/operations/Y29tcG9zdC0zNTg0NC91cy1jZW50cmFsMS9wcmVsb2FkL1Z5SjRyWm03aFJv  
  
 Wed Feb 14 2018 22:46:45 GMT+0000 (GMT)
[debug] [2018-02-14T22:46:45.681Z] <<< HTTP RESPONSE 200
[debug] [2018-02-14T22:46:47.682Z] >>> HTTP REQUEST GET https://cloudfunctions.googleapis.com/v1/operations/Y29tcG9zdC0zNTg0NC91cy1jZW50cmFsMS9wcmVsb2FkL1Z5SjRyWm03aFJv  
  
 Wed Feb 14 2018 22:46:47 GMT+0000 (GMT)
[debug] [2018-02-14T22:46:47.896Z] <<< HTTP RESPONSE 200
[debug] [2018-02-14T22:46:49.902Z] >>> HTTP REQUEST GET https://cloudfunctions.googleapis.com/v1/operations/Y29tcG9zdC0zNTg0NC91cy1jZW50cmFsMS9wcmVsb2FkL1Z5SjRyWm03aFJv  
  
 Wed Feb 14 2018 22:46:49 GMT+0000 (GMT)
[debug] [2018-02-14T22:46:50.139Z] <<< HTTP RESPONSE 200
[debug] [2018-02-14T22:46:52.145Z] >>> HTTP REQUEST GET https://cloudfunctions.googleapis.com/v1/operations/Y29tcG9zdC0zNTg0NC91cy1jZW50cmFsMS9wcmVsb2FkL1Z5SjRyWm03aFJv  
  
 Wed Feb 14 2018 22:46:52 GMT+0000 (GMT)
[debug] [2018-02-14T22:46:52.367Z] <<< HTTP RESPONSE 200
[debug] [2018-02-14T22:46:54.371Z] >>> HTTP REQUEST GET https://cloudfunctions.googleapis.com/v1/operations/Y29tcG9zdC0zNTg0NC91cy1jZW50cmFsMS9wcmVsb2FkL1Z5SjRyWm03aFJv  
  
 Wed Feb 14 2018 22:46:54 GMT+0000 (GMT)
[debug] [2018-02-14T22:46:54.583Z] <<< HTTP RESPONSE 200
[debug] [2018-02-14T22:46:56.588Z] >>> HTTP REQUEST GET https://cloudfunctions.googleapis.com/v1/operations/Y29tcG9zdC0zNTg0NC91cy1jZW50cmFsMS9wcmVsb2FkL1Z5SjRyWm03aFJv  
  
 Wed Feb 14 2018 22:46:56 GMT+0000 (GMT)
[debug] [2018-02-14T22:46:56.802Z] <<< HTTP RESPONSE 200
[debug] [2018-02-14T22:46:58.803Z] >>> HTTP REQUEST GET https://cloudfunctions.googleapis.com/v1/operations/Y29tcG9zdC0zNTg0NC91cy1jZW50cmFsMS9wcmVsb2FkL1Z5SjRyWm03aFJv  
  
 Wed Feb 14 2018 22:46:58 GMT+0000 (GMT)
[debug] [2018-02-14T22:46:59.009Z] <<< HTTP RESPONSE 200
[debug] [2018-02-14T22:47:01.010Z] >>> HTTP REQUEST GET https://cloudfunctions.googleapis.com/v1/operations/Y29tcG9zdC0zNTg0NC91cy1jZW50cmFsMS9wcmVsb2FkL1Z5SjRyWm03aFJv  
  
 Wed Feb 14 2018 22:47:01 GMT+0000 (GMT)
[debug] [2018-02-14T22:47:01.232Z] <<< HTTP RESPONSE 200
[debug] [2018-02-14T22:47:03.238Z] >>> HTTP REQUEST GET https://cloudfunctions.googleapis.com/v1/operations/Y29tcG9zdC0zNTg0NC91cy1jZW50cmFsMS9wcmVsb2FkL1Z5SjRyWm03aFJv  
  
 Wed Feb 14 2018 22:47:03 GMT+0000 (GMT)
[debug] [2018-02-14T22:47:03.472Z] <<< HTTP RESPONSE 200
[debug] [2018-02-14T22:47:05.475Z] >>> HTTP REQUEST GET https://cloudfunctions.googleapis.com/v1/operations/Y29tcG9zdC0zNTg0NC91cy1jZW50cmFsMS9wcmVsb2FkL1Z5SjRyWm03aFJv  
  
 Wed Feb 14 2018 22:47:05 GMT+0000 (GMT)
[debug] [2018-02-14T22:47:05.699Z] <<< HTTP RESPONSE 200
[debug] [2018-02-14T22:47:07.701Z] >>> HTTP REQUEST GET https://cloudfunctions.googleapis.com/v1/operations/Y29tcG9zdC0zNTg0NC91cy1jZW50cmFsMS9wcmVsb2FkL1Z5SjRyWm03aFJv  
  
 Wed Feb 14 2018 22:47:07 GMT+0000 (GMT)
[debug] [2018-02-14T22:47:07.910Z] <<< HTTP RESPONSE 200
[debug] [2018-02-14T22:47:09.915Z] >>> HTTP REQUEST GET https://cloudfunctions.googleapis.com/v1/operations/Y29tcG9zdC0zNTg0NC91cy1jZW50cmFsMS9wcmVsb2FkL1Z5SjRyWm03aFJv  
  
 Wed Feb 14 2018 22:47:09 GMT+0000 (GMT)
[debug] [2018-02-14T22:47:10.116Z] <<< HTTP RESPONSE 200
[debug] [2018-02-14T22:47:12.119Z] >>> HTTP REQUEST GET https://cloudfunctions.googleapis.com/v1/operations/Y29tcG9zdC0zNTg0NC91cy1jZW50cmFsMS9wcmVsb2FkL1Z5SjRyWm03aFJv  
  
 Wed Feb 14 2018 22:47:12 GMT+0000 (GMT)
[debug] [2018-02-14T22:47:12.336Z] <<< HTTP RESPONSE 200
[info] ✔  functions[preload]: Successful create operation. 
[info] Function URL (preload): https://us-central1-compost-35844.cloudfunctions.net/preload
[debug] [2018-02-14T22:47:12.339Z] >>> HTTP REQUEST POST https://deploy.firebase.com/v1/projects/compost-35844/releases  
 { hosting: 
   { public: 'public',
     ignore: [ 'firebase.json', '**/.*', '**/node_modules/**' ],
     rewrites: [ [Object] ],
     version: '-L5LU_uuE_TCvBKurVx1',
     prefix: '-L5LU_uuE_TCvBKurVx1/',
     manifest: [] } } 
 Wed Feb 14 2018 22:47:12 GMT+0000 (GMT)
